<?xml version="1.0" encoding="UTF-8"?>
<testsuite name="anicare.logic.repository.UserRepositoryTest" tests="1" skipped="0" failures="0" errors="0" timestamp="2022-03-14T11:59:47" hostname="DESKTOP-09F355C" time="0.404">
  <properties/>
  <testcase name="save()" classname="anicare.logic.repository.UserRepositoryTest" time="0.404"/>
  <system-out><![CDATA[20:59:41.312 [Test worker] DEBUG org.springframework.test.context.BootstrapUtils - Instantiating CacheAwareContextLoaderDelegate from class [org.springframework.test.context.cache.DefaultCacheAwareContextLoaderDelegate]
20:59:41.328 [Test worker] DEBUG org.springframework.test.context.BootstrapUtils - Instantiating BootstrapContext using constructor [public org.springframework.test.context.support.DefaultBootstrapContext(java.lang.Class,org.springframework.test.context.CacheAwareContextLoaderDelegate)]
20:59:41.388 [Test worker] DEBUG org.springframework.test.context.BootstrapUtils - Instantiating TestContextBootstrapper for test class [anicare.logic.repository.UserRepositoryTest] from class [org.springframework.boot.test.context.SpringBootTestContextBootstrapper]
20:59:41.405 [Test worker] INFO org.springframework.boot.test.context.SpringBootTestContextBootstrapper - Neither @ContextConfiguration nor @ContextHierarchy found for test class [anicare.logic.repository.UserRepositoryTest], using SpringBootContextLoader
20:59:41.405 [Test worker] DEBUG org.springframework.test.context.support.AbstractContextLoader - Did not detect default resource location for test class [anicare.logic.repository.UserRepositoryTest]: class path resource [anicare/logic/repository/UserRepositoryTest-context.xml] does not exist
20:59:41.413 [Test worker] DEBUG org.springframework.test.context.support.AbstractContextLoader - Did not detect default resource location for test class [anicare.logic.repository.UserRepositoryTest]: class path resource [anicare/logic/repository/UserRepositoryTestContext.groovy] does not exist
20:59:41.413 [Test worker] INFO org.springframework.test.context.support.AbstractContextLoader - Could not detect default resource locations for test class [anicare.logic.repository.UserRepositoryTest]: no resource found for suffixes {-context.xml, Context.groovy}.
20:59:41.470 [Test worker] DEBUG org.springframework.test.context.support.ActiveProfilesUtils - Could not find an 'annotation declaring class' for annotation type [org.springframework.test.context.ActiveProfiles] and class [anicare.logic.repository.UserRepositoryTest]
20:59:41.674 [Test worker] DEBUG org.springframework.boot.test.context.SpringBootTestContextBootstrapper - @TestExecutionListeners is not present for class [anicare.logic.repository.UserRepositoryTest]: using defaults.
20:59:41.682 [Test worker] INFO org.springframework.boot.test.context.SpringBootTestContextBootstrapper - Loaded default TestExecutionListener class names from location [META-INF/spring.factories]: [org.springframework.security.test.context.support.WithSecurityContextTestExecutionListener, org.springframework.security.test.context.support.ReactorContextTestExecutionListener, org.springframework.boot.test.autoconfigure.restdocs.RestDocsTestExecutionListener, org.springframework.boot.test.autoconfigure.web.client.MockRestServiceServerResetTestExecutionListener, org.springframework.boot.test.autoconfigure.web.servlet.MockMvcPrintOnlyOnFailureTestExecutionListener, org.springframework.boot.test.autoconfigure.web.servlet.WebDriverTestExecutionListener, org.springframework.boot.test.autoconfigure.webservices.client.MockWebServiceServerTestExecutionListener, org.springframework.boot.test.mock.mockito.MockitoTestExecutionListener, org.springframework.boot.test.mock.mockito.ResetMocksTestExecutionListener, org.springframework.test.context.web.ServletTestExecutionListener, org.springframework.test.context.support.DirtiesContextBeforeModesTestExecutionListener, org.springframework.test.context.event.ApplicationEventsTestExecutionListener, org.springframework.test.context.support.DependencyInjectionTestExecutionListener, org.springframework.test.context.support.DirtiesContextTestExecutionListener, org.springframework.test.context.transaction.TransactionalTestExecutionListener, org.springframework.test.context.jdbc.SqlScriptsTestExecutionListener, org.springframework.test.context.event.EventPublishingTestExecutionListener]
20:59:41.716 [Test worker] INFO org.springframework.boot.test.context.SpringBootTestContextBootstrapper - Using TestExecutionListeners: [org.springframework.test.context.web.ServletTestExecutionListener@18518ccf, org.springframework.test.context.support.DirtiesContextBeforeModesTestExecutionListener@1991f767, org.springframework.test.context.event.ApplicationEventsTestExecutionListener@768ccdc5, org.springframework.boot.test.mock.mockito.MockitoTestExecutionListener@4c6daf0, org.springframework.boot.test.autoconfigure.SpringBootDependencyInjectionTestExecutionListener@10650953, org.springframework.test.context.support.DirtiesContextTestExecutionListener@659eef7, org.springframework.test.context.transaction.TransactionalTestExecutionListener@162be91c, org.springframework.test.context.jdbc.SqlScriptsTestExecutionListener@2488b073, org.springframework.security.test.context.support.WithSecurityContextTestExecutionListener@1c9f0a20, org.springframework.test.context.event.EventPublishingTestExecutionListener@55787112, org.springframework.security.test.context.support.ReactorContextTestExecutionListener@1cd201a8, org.springframework.boot.test.autoconfigure.restdocs.RestDocsTestExecutionListener@7db82169, org.springframework.boot.test.autoconfigure.web.client.MockRestServiceServerResetTestExecutionListener@1992eaf4, org.springframework.boot.test.autoconfigure.web.servlet.MockMvcPrintOnlyOnFailureTestExecutionListener@f74e835, org.springframework.boot.test.autoconfigure.web.servlet.WebDriverTestExecutionListener@3276732, org.springframework.boot.test.autoconfigure.webservices.client.MockWebServiceServerTestExecutionListener@3f28bd56, org.springframework.boot.test.mock.mockito.ResetMocksTestExecutionListener@31e3250d]
20:59:41.724 [Test worker] DEBUG org.springframework.test.context.support.AbstractDirtiesContextTestExecutionListener - Before test class: context [DefaultTestContext@482d776b testClass = UserRepositoryTest, testInstance = [null], testMethod = [null], testException = [null], mergedContextConfiguration = [WebMergedContextConfiguration@4052274f testClass = UserRepositoryTest, locations = '{}', classes = '{class anicare.butler.ButlerApplication}', contextInitializerClasses = '[]', activeProfiles = '{}', propertySourceLocations = '{}', propertySourceProperties = '{org.springframework.boot.test.context.SpringBootTestContextBootstrapper=true}', contextCustomizers = set[org.springframework.boot.test.autoconfigure.actuate.metrics.MetricsExportContextCustomizerFactory$DisableMetricExportContextCustomizer@3e7dd664, org.springframework.boot.test.autoconfigure.properties.PropertyMappingContextCustomizer@0, org.springframework.boot.test.autoconfigure.web.servlet.WebDriverContextCustomizerFactory$Customizer@7862f56, org.springframework.boot.test.context.filter.ExcludeFilterContextCustomizer@38831718, org.springframework.boot.test.json.DuplicateJsonObjectContextCustomizerFactory$DuplicateJsonObjectContextCustomizer@4982cc36, org.springframework.boot.test.mock.mockito.MockitoContextCustomizer@0, org.springframework.boot.test.web.client.TestRestTemplateContextCustomizer@6187d1f5, org.springframework.boot.test.context.SpringBootTestArgs@1, org.springframework.boot.test.context.SpringBootTestWebEnvironment@bd4dc25], resourceBasePath = 'src/main/webapp', contextLoader = 'org.springframework.boot.test.context.SpringBootContextLoader', parent = [null]], attributes = map['org.springframework.test.context.web.ServletTestExecutionListener.activateListener' -> true]], class annotated with @DirtiesContext [false] with mode [null].

  .   ____          _            __ _ _
 /\\ / ___'_ __ _ _(_)_ __  __ _ \ \ \ \
( ( )\___ | '_ | '_| | '_ \/ _` | \ \ \ \
 \\/  ___)| |_)| | | | | || (_| |  ) ) ) )
  '  |____| .__|_| |_|_| |_\__, | / / / /
 =========|_|==============|___/=/_/_/_/
 :: Spring Boot ::                (v2.6.4)

2022-03-14 20:59:42.245  INFO 12716 --- [    Test worker] a.logic.repository.UserRepositoryTest    : Starting UserRepositoryTest using Java 16.0.1 on DESKTOP-09F355C with PID 12716 (started by ktnu2 in C:\Users\ktnu2\Desktop\back-end\Anicare\butler)
2022-03-14 20:59:42.247  INFO 12716 --- [    Test worker] a.logic.repository.UserRepositoryTest    : The following 1 profile is active: "local"
2022-03-14 20:59:43.070  INFO 12716 --- [    Test worker] .s.d.r.c.RepositoryConfigurationDelegate : Bootstrapping Spring Data JPA repositories in DEFAULT mode.
2022-03-14 20:59:43.165  INFO 12716 --- [    Test worker] .s.d.r.c.RepositoryConfigurationDelegate : Finished Spring Data repository scanning in 84 ms. Found 1 JPA repository interfaces.
2022-03-14 20:59:44.305  INFO 12716 --- [    Test worker] com.zaxxer.hikari.HikariDataSource       : HikariPool-1 - Starting...
2022-03-14 20:59:44.554  INFO 12716 --- [    Test worker] com.zaxxer.hikari.HikariDataSource       : HikariPool-1 - Start completed.
2022-03-14 20:59:44.644  INFO 12716 --- [    Test worker] o.hibernate.jpa.internal.util.LogHelper  : HHH000204: Processing PersistenceUnitInfo [name: default]
2022-03-14 20:59:44.709  INFO 12716 --- [    Test worker] org.hibernate.Version                    : HHH000412: Hibernate ORM core version 5.6.5.Final
2022-03-14 20:59:44.964  INFO 12716 --- [    Test worker] o.hibernate.annotations.common.Version   : HCANN000001: Hibernate Commons Annotations {5.1.2.Final}
2022-03-14 20:59:45.169  INFO 12716 --- [    Test worker] org.hibernate.dialect.Dialect            : HHH000400: Using dialect: org.hibernate.dialect.H2Dialect
2022-03-14 20:59:45.967  INFO 12716 --- [    Test worker] o.h.e.t.j.p.i.JtaPlatformInitiator       : HHH000490: Using JtaPlatform implementation: [org.hibernate.engine.transaction.jta.platform.internal.NoJtaPlatform]
2022-03-14 20:59:45.975  INFO 12716 --- [    Test worker] j.LocalContainerEntityManagerFactoryBean : Initialized JPA EntityManagerFactory for persistence unit 'default'
2022-03-14 20:59:46.616  WARN 12716 --- [    Test worker] JpaBaseConfiguration$JpaWebConfiguration : spring.jpa.open-in-view is enabled by default. Therefore, database queries may be performed during view rendering. Explicitly configure spring.jpa.open-in-view to disable this warning
2022-03-14 20:59:46.984  INFO 12716 --- [    Test worker] o.s.b.a.h2.H2ConsoleAutoConfiguration    : H2 console available at '/h2-console'. Database available at 'jdbc:h2:mem:25df25fc-59a9-443b-8b06-35b2398eec36'
2022-03-14 20:59:47.361  INFO 12716 --- [    Test worker] .s.s.UserDetailsServiceAutoConfiguration : 

Using generated security password: 8aeb1e89-383f-42c5-b79b-8b45ad0e74ae

2022-03-14 20:59:47.590  INFO 12716 --- [    Test worker] o.s.s.web.DefaultSecurityFilterChain     : Will not secure any request
2022-03-14 20:59:47.704  INFO 12716 --- [    Test worker] a.logic.repository.UserRepositoryTest    : Started UserRepositoryTest in 5.93 seconds (JVM running for 7.644)
2022-03-14 20:59:47.776  INFO 12716 --- [    Test worker] o.s.t.c.transaction.TransactionContext   : Began transaction (1) for test context [DefaultTestContext@482d776b testClass = UserRepositoryTest, testInstance = anicare.logic.repository.UserRepositoryTest@6f30d0eb, testMethod = save@UserRepositoryTest, testException = [null], mergedContextConfiguration = [WebMergedContextConfiguration@4052274f testClass = UserRepositoryTest, locations = '{}', classes = '{class anicare.butler.ButlerApplication}', contextInitializerClasses = '[]', activeProfiles = '{}', propertySourceLocations = '{}', propertySourceProperties = '{org.springframework.boot.test.context.SpringBootTestContextBootstrapper=true}', contextCustomizers = set[org.springframework.boot.test.autoconfigure.actuate.metrics.MetricsExportContextCustomizerFactory$DisableMetricExportContextCustomizer@3e7dd664, org.springframework.boot.test.autoconfigure.properties.PropertyMappingContextCustomizer@0, org.springframework.boot.test.autoconfigure.web.servlet.WebDriverContextCustomizerFactory$Customizer@7862f56, org.springframework.boot.test.context.filter.ExcludeFilterContextCustomizer@38831718, org.springframework.boot.test.json.DuplicateJsonObjectContextCustomizerFactory$DuplicateJsonObjectContextCustomizer@4982cc36, org.springframework.boot.test.mock.mockito.MockitoContextCustomizer@0, org.springframework.boot.test.web.client.TestRestTemplateContextCustomizer@6187d1f5, org.springframework.boot.test.context.SpringBootTestArgs@1, org.springframework.boot.test.context.SpringBootTestWebEnvironment@bd4dc25], resourceBasePath = 'src/main/webapp', contextLoader = 'org.springframework.boot.test.context.SpringBootContextLoader', parent = [null]], attributes = map['org.springframework.test.context.web.ServletTestExecutionListener.activateListener' -> true, 'org.springframework.test.context.web.ServletTestExecutionListener.populatedRequestContextHolder' -> true, 'org.springframework.test.context.web.ServletTestExecutionListener.resetRequestContextHolder' -> true, 'org.springframework.test.context.event.ApplicationEventsTestExecutionListener.recordApplicationEvents' -> false]]; transaction manager [org.springframework.orm.jpa.JpaTransactionManager@4440750]; rollback [true]
2022-03-14 20:59:48.122  INFO 12716 --- [    Test worker] o.s.t.c.transaction.TransactionContext   : Rolled back transaction for test: [DefaultTestContext@482d776b testClass = UserRepositoryTest, testInstance = anicare.logic.repository.UserRepositoryTest@6f30d0eb, testMethod = save@UserRepositoryTest, testException = [null], mergedContextConfiguration = [WebMergedContextConfiguration@4052274f testClass = UserRepositoryTest, locations = '{}', classes = '{class anicare.butler.ButlerApplication}', contextInitializerClasses = '[]', activeProfiles = '{}', propertySourceLocations = '{}', propertySourceProperties = '{org.springframework.boot.test.context.SpringBootTestContextBootstrapper=true}', contextCustomizers = set[org.springframework.boot.test.autoconfigure.actuate.metrics.MetricsExportContextCustomizerFactory$DisableMetricExportContextCustomizer@3e7dd664, org.springframework.boot.test.autoconfigure.properties.PropertyMappingContextCustomizer@0, org.springframework.boot.test.autoconfigure.web.servlet.WebDriverContextCustomizerFactory$Customizer@7862f56, org.springframework.boot.test.context.filter.ExcludeFilterContextCustomizer@38831718, org.springframework.boot.test.json.DuplicateJsonObjectContextCustomizerFactory$DuplicateJsonObjectContextCustomizer@4982cc36, org.springframework.boot.test.mock.mockito.MockitoContextCustomizer@0, org.springframework.boot.test.web.client.TestRestTemplateContextCustomizer@6187d1f5, org.springframework.boot.test.context.SpringBootTestArgs@1, org.springframework.boot.test.context.SpringBootTestWebEnvironment@bd4dc25], resourceBasePath = 'src/main/webapp', contextLoader = 'org.springframework.boot.test.context.SpringBootContextLoader', parent = [null]], attributes = map['org.springframework.test.context.web.ServletTestExecutionListener.activateListener' -> true, 'org.springframework.test.context.web.ServletTestExecutionListener.populatedRequestContextHolder' -> true, 'org.springframework.test.context.web.ServletTestExecutionListener.resetRequestContextHolder' -> true, 'org.springframework.test.context.event.ApplicationEventsTestExecutionListener.recordApplicationEvents' -> false]]
]]></system-out>
  <system-err><![CDATA[]]></system-err>
</testsuite>
